Started GET "/" for 127.0.0.1 at 2017-03-25 12:26:58 -0600
Processing by Rails::WelcomeController#index as HTML
  Parameters: {"internal"=>true}
  Rendering /home/yair/.rvm/gems/ruby-2.2.2/gems/railties-5.0.2/lib/rails/templates/rails/welcome/index.html.erb
  Rendered /home/yair/.rvm/gems/ruby-2.2.2/gems/railties-5.0.2/lib/rails/templates/rails/welcome/index.html.erb (14.7ms)
Completed 200 OK in 95ms (Views: 34.0ms | ActiveRecord: 0.0ms)


  [1m[35m (17.8ms)[0m  [1m[35mCREATE TABLE "schema_migrations" ("version" varchar NOT NULL PRIMARY KEY)[0m
  [1m[35m (9.4ms)[0m  [1m[35mCREATE TABLE "ar_internal_metadata" ("key" varchar NOT NULL PRIMARY KEY, "value" varchar, "created_at" datetime NOT NULL, "updated_at" datetime NOT NULL)[0m
  [1m[36mActiveRecord::SchemaMigration Load (0.2ms)[0m  [1m[34mSELECT "schema_migrations".* FROM "schema_migrations"[0m
Migrating to DeviseCreateUsers (20170325183456)
  [1m[35m (0.1ms)[0m  [1m[36mbegin transaction[0m
  [1m[35m (2.5ms)[0m  [1m[35mCREATE TABLE "users" ("id" INTEGER PRIMARY KEY AUTOINCREMENT NOT NULL, "email" varchar DEFAULT '' NOT NULL, "encrypted_password" varchar DEFAULT '' NOT NULL, "reset_password_token" varchar, "reset_password_sent_at" datetime, "remember_created_at" datetime, "sign_in_count" integer DEFAULT 0 NOT NULL, "current_sign_in_at" datetime, "last_sign_in_at" datetime, "current_sign_in_ip" varchar, "last_sign_in_ip" varchar, "created_at" datetime NOT NULL, "updated_at" datetime NOT NULL)[0m
  [1m[35m (0.1ms)[0m  [1m[34mselect sqlite_version(*)[0m
  [1m[35m (0.2ms)[0m  [1m[35mCREATE UNIQUE INDEX "index_users_on_email" ON "users" ("email")[0m
  [1m[35m (0.1ms)[0m  [1m[34m            SELECT sql
            FROM sqlite_master
            WHERE name='index_users_on_email' AND type='index'
            UNION ALL
            SELECT sql
            FROM sqlite_temp_master
            WHERE name='index_users_on_email' AND type='index'
[0m
  [1m[35m (0.1ms)[0m  [1m[35mCREATE UNIQUE INDEX "index_users_on_reset_password_token" ON "users" ("reset_password_token")[0m
  [1m[35mSQL (0.2ms)[0m  [1m[32mINSERT INTO "schema_migrations" ("version") VALUES (?)[0m  [["version", "20170325183456"]]
  [1m[35m (14.1ms)[0m  [1m[36mcommit transaction[0m
  [1m[36mActiveRecord::InternalMetadata Load (0.2ms)[0m  [1m[34mSELECT  "ar_internal_metadata".* FROM "ar_internal_metadata" WHERE "ar_internal_metadata"."key" = ? LIMIT ?[0m  [["key", :environment], ["LIMIT", 1]]
  [1m[35m (0.1ms)[0m  [1m[36mbegin transaction[0m
  [1m[35mSQL (6.9ms)[0m  [1m[32mINSERT INTO "ar_internal_metadata" ("key", "value", "created_at", "updated_at") VALUES (?, ?, ?, ?)[0m  [["key", "environment"], ["value", "development"], ["created_at", 2017-03-25 18:35:12 UTC], ["updated_at", 2017-03-25 18:35:12 UTC]]
  [1m[35m (15.5ms)[0m  [1m[36mcommit transaction[0m
  [1m[36mActiveRecord::SchemaMigration Load (0.1ms)[0m  [1m[34mSELECT "schema_migrations".* FROM "schema_migrations"[0m
  [1m[35m (0.2ms)[0m  [1m[34m            SELECT sql
            FROM sqlite_master
            WHERE name='index_users_on_reset_password_token' AND type='index'
            UNION ALL
            SELECT sql
            FROM sqlite_temp_master
            WHERE name='index_users_on_reset_password_token' AND type='index'
[0m
  [1m[35m (0.1ms)[0m  [1m[34m            SELECT sql
            FROM sqlite_master
            WHERE name='index_users_on_email' AND type='index'
            UNION ALL
            SELECT sql
            FROM sqlite_temp_master
            WHERE name='index_users_on_email' AND type='index'
[0m
Started GET "/users/sign_up" for 127.0.0.1 at 2017-03-25 12:41:36 -0600
  [1m[36mActiveRecord::SchemaMigration Load (0.1ms)[0m  [1m[34mSELECT "schema_migrations".* FROM "schema_migrations"[0m
Processing by Devise::RegistrationsController#new as HTML
  Rendering /home/yair/.rvm/gems/ruby-2.2.2/gems/devise-4.2.1/app/views/devise/registrations/new.html.erb within layouts/application
  Rendered /home/yair/.rvm/gems/ruby-2.2.2/gems/devise-4.2.1/app/views/devise/shared/_links.html.erb (8.9ms)
  Rendered /home/yair/.rvm/gems/ruby-2.2.2/gems/devise-4.2.1/app/views/devise/registrations/new.html.erb within layouts/application (114.9ms)
Completed 200 OK in 1780ms (Views: 1702.1ms | ActiveRecord: 0.9ms)


  [1m[36mActiveRecord::SchemaMigration Load (0.1ms)[0m  [1m[34mSELECT "schema_migrations".* FROM "schema_migrations"[0m
Migrating to CreateBodyMasses (20170325184754)
  [1m[35m (0.1ms)[0m  [1m[36mbegin transaction[0m
  [1m[35m (2.1ms)[0m  [1m[35mCREATE TABLE "body_masses" ("id" INTEGER PRIMARY KEY AUTOINCREMENT NOT NULL, "mass" integer, "height" integer, "category" integer, "created_at" datetime NOT NULL, "updated_at" datetime NOT NULL)[0m
  [1m[35mSQL (0.2ms)[0m  [1m[32mINSERT INTO "schema_migrations" ("version") VALUES (?)[0m  [["version", "20170325184754"]]
  [1m[35m (4.5ms)[0m  [1m[36mcommit transaction[0m
  [1m[36mActiveRecord::InternalMetadata Load (0.3ms)[0m  [1m[34mSELECT  "ar_internal_metadata".* FROM "ar_internal_metadata" WHERE "ar_internal_metadata"."key" = ? LIMIT ?[0m  [["key", :environment], ["LIMIT", 1]]
  [1m[35m (0.1ms)[0m  [1m[36mbegin transaction[0m
  [1m[35m (0.1ms)[0m  [1m[36mcommit transaction[0m
  [1m[36mActiveRecord::SchemaMigration Load (0.2ms)[0m  [1m[34mSELECT "schema_migrations".* FROM "schema_migrations"[0m
  [1m[35m (0.1ms)[0m  [1m[34m            SELECT sql
            FROM sqlite_master
            WHERE name='index_users_on_reset_password_token' AND type='index'
            UNION ALL
            SELECT sql
            FROM sqlite_temp_master
            WHERE name='index_users_on_reset_password_token' AND type='index'
[0m
  [1m[35m (0.1ms)[0m  [1m[34m            SELECT sql
            FROM sqlite_master
            WHERE name='index_users_on_email' AND type='index'
            UNION ALL
            SELECT sql
            FROM sqlite_temp_master
            WHERE name='index_users_on_email' AND type='index'
[0m
Started GET "/" for 127.0.0.1 at 2017-03-25 12:52:09 -0600
  [1m[36mActiveRecord::SchemaMigration Load (0.1ms)[0m  [1m[34mSELECT "schema_migrations".* FROM "schema_migrations"[0m
Processing by BodyMassController#index as HTML
  Rendering body_mass/index.html.erb within layouts/application
  Rendered body_mass/index.html.erb within layouts/application (0.3ms)
Started GET "/" for 127.0.0.1 at 2017-03-25 12:52:09 -0600
Completed 200 OK in 1777ms (Views: 1775.6ms | ActiveRecord: 0.0ms)


Processing by BodyMassController#index as HTML
  Rendering body_mass/index.html.erb within layouts/application
  Rendered body_mass/index.html.erb within layouts/application (0.5ms)
Completed 200 OK in 63ms (Views: 61.9ms | ActiveRecord: 0.0ms)


Started GET "/" for 127.0.0.1 at 2017-03-25 12:53:27 -0600
Processing by BodyMassController#index as HTML
Completed 401 Unauthorized in 7ms (ActiveRecord: 0.0ms)


Started GET "/users/sign_in" for 127.0.0.1 at 2017-03-25 12:53:27 -0600
Processing by Devise::SessionsController#new as HTML
  Rendering /home/yair/.rvm/gems/ruby-2.2.2/gems/devise-4.2.1/app/views/devise/sessions/new.html.erb within layouts/application
  Rendered /home/yair/.rvm/gems/ruby-2.2.2/gems/devise-4.2.1/app/views/devise/shared/_links.html.erb (2.4ms)
  Rendered /home/yair/.rvm/gems/ruby-2.2.2/gems/devise-4.2.1/app/views/devise/sessions/new.html.erb within layouts/application (27.1ms)
Completed 200 OK in 127ms (Views: 82.6ms | ActiveRecord: 8.9ms)


Started POST "/users/sign_in" for 127.0.0.1 at 2017-03-25 12:53:49 -0600
Processing by Devise::SessionsController#create as HTML
  Parameters: {"utf8"=>"✓", "authenticity_token"=>"nK09eSoNH56nJ52md4J0YVz4VSktQD178HAHnO4nM2RhCS0ZmuL62lgocH9pA7cCXU7GF0nGou/2EgesgHJT+A==", "user"=>{"email"=>"ycosio@ucol.mx", "password"=>"[FILTERED]", "remember_me"=>"0"}, "commit"=>"Log in"}
  [1m[36mUser Load (0.2ms)[0m  [1m[34mSELECT  "users".* FROM "users" WHERE "users"."email" = ? ORDER BY "users"."id" ASC LIMIT ?[0m  [["email", "ycosio@ucol.mx"], ["LIMIT", 1]]
Completed 401 Unauthorized in 34ms (ActiveRecord: 0.2ms)


Processing by Devise::SessionsController#new as HTML
  Parameters: {"utf8"=>"✓", "authenticity_token"=>"nK09eSoNH56nJ52md4J0YVz4VSktQD178HAHnO4nM2RhCS0ZmuL62lgocH9pA7cCXU7GF0nGou/2EgesgHJT+A==", "user"=>{"email"=>"ycosio@ucol.mx", "password"=>"[FILTERED]", "remember_me"=>"0"}, "commit"=>"Log in"}
  Rendering /home/yair/.rvm/gems/ruby-2.2.2/gems/devise-4.2.1/app/views/devise/sessions/new.html.erb within layouts/application
  Rendered /home/yair/.rvm/gems/ruby-2.2.2/gems/devise-4.2.1/app/views/devise/shared/_links.html.erb (1.0ms)
  Rendered /home/yair/.rvm/gems/ruby-2.2.2/gems/devise-4.2.1/app/views/devise/sessions/new.html.erb within layouts/application (9.7ms)
Completed 200 OK in 551ms (Views: 81.8ms | ActiveRecord: 0.0ms)


Started GET "/users/sign_in" for 127.0.0.1 at 2017-03-25 12:55:14 -0600
Processing by Devise::SessionsController#new as HTML
  Rendering /home/yair/.rvm/gems/ruby-2.2.2/gems/devise-4.2.1/app/views/devise/sessions/new.html.erb within layouts/application
  Rendered /home/yair/.rvm/gems/ruby-2.2.2/gems/devise-4.2.1/app/views/devise/shared/_links.html.erb (19.5ms)
  Rendered /home/yair/.rvm/gems/ruby-2.2.2/gems/devise-4.2.1/app/views/devise/sessions/new.html.erb within layouts/application (30.8ms)
Completed 200 OK in 111ms (Views: 110.2ms | ActiveRecord: 0.0ms)


Started POST "/users/sign_in" for 127.0.0.1 at 2017-03-25 12:55:23 -0600
Processing by Devise::SessionsController#create as HTML
  Parameters: {"utf8"=>"✓", "authenticity_token"=>"99F7fa5k4B3OcEoUpxUkVDA0BQ+ww1SQFpq1w6pwNi8KdWsdHosFWTF/p825lOc3MYKWMdRFywQQ+LXzxCVWsw==", "user"=>{"email"=>"ycosio@ucol.mx", "password"=>"[FILTERED]", "remember_me"=>"0"}, "commit"=>"Log in"}
  [1m[36mUser Load (0.2ms)[0m  [1m[34mSELECT  "users".* FROM "users" WHERE "users"."email" = ? ORDER BY "users"."id" ASC LIMIT ?[0m  [["email", "ycosio@ucol.mx"], ["LIMIT", 1]]
Completed 401 Unauthorized in 7ms (ActiveRecord: 0.2ms)


Processing by Devise::SessionsController#new as HTML
  Parameters: {"utf8"=>"✓", "authenticity_token"=>"99F7fa5k4B3OcEoUpxUkVDA0BQ+ww1SQFpq1w6pwNi8KdWsdHosFWTF/p825lOc3MYKWMdRFywQQ+LXzxCVWsw==", "user"=>{"email"=>"ycosio@ucol.mx", "password"=>"[FILTERED]", "remember_me"=>"0"}, "commit"=>"Log in"}
  Rendering /home/yair/.rvm/gems/ruby-2.2.2/gems/devise-4.2.1/app/views/devise/sessions/new.html.erb within layouts/application
  Rendered /home/yair/.rvm/gems/ruby-2.2.2/gems/devise-4.2.1/app/views/devise/shared/_links.html.erb (2.8ms)
  Rendered /home/yair/.rvm/gems/ruby-2.2.2/gems/devise-4.2.1/app/views/devise/sessions/new.html.erb within layouts/application (15.9ms)
Completed 200 OK in 519ms (Views: 85.9ms | ActiveRecord: 0.0ms)


Started GET "/users/sign_up" for 127.0.0.1 at 2017-03-25 12:55:38 -0600
Processing by Devise::RegistrationsController#new as HTML
  Rendering /home/yair/.rvm/gems/ruby-2.2.2/gems/devise-4.2.1/app/views/devise/registrations/new.html.erb within layouts/application
  Rendered /home/yair/.rvm/gems/ruby-2.2.2/gems/devise-4.2.1/app/views/devise/shared/_links.html.erb (1.3ms)
  Rendered /home/yair/.rvm/gems/ruby-2.2.2/gems/devise-4.2.1/app/views/devise/registrations/new.html.erb within layouts/application (21.1ms)
Completed 200 OK in 145ms (Views: 130.7ms | ActiveRecord: 0.0ms)


Started POST "/users" for 127.0.0.1 at 2017-03-25 12:55:47 -0600
Processing by Devise::RegistrationsController#create as HTML
  Parameters: {"utf8"=>"✓", "authenticity_token"=>"7xyT3zIAoL7AUoeIA+NzfasV+Rt0rTUctUsrW7gOYe6B/PhywLRE08fVIRnKhh71JiNQWTpPzGat5uo2u4NQnA==", "user"=>{"email"=>"ycosio@ucol.mx", "password"=>"[FILTERED]", "password_confirmation"=>"[FILTERED]"}, "commit"=>"Sign up"}
  [1m[35m (0.1ms)[0m  [1m[36mbegin transaction[0m
  [1m[36mUser Exists (4.4ms)[0m  [1m[34mSELECT  1 AS one FROM "users" WHERE "users"."email" = ? LIMIT ?[0m  [["email", "ycosio@ucol.mx"], ["LIMIT", 1]]
  [1m[35mSQL (5.3ms)[0m  [1m[32mINSERT INTO "users" ("email", "encrypted_password", "created_at", "updated_at") VALUES (?, ?, ?, ?)[0m  [["email", "ycosio@ucol.mx"], ["encrypted_password", "$2a$11$gDebWawoHzGE00bFCx5oXO1kaMAwufnSiJfxkekbtbSu/LzkyCry2"], ["created_at", 2017-03-25 18:55:47 UTC], ["updated_at", 2017-03-25 18:55:47 UTC]]
  [1m[35m (10.6ms)[0m  [1m[36mcommit transaction[0m
  [1m[35m (0.1ms)[0m  [1m[36mbegin transaction[0m
  [1m[35mSQL (5.2ms)[0m  [1m[33mUPDATE "users" SET "sign_in_count" = ?, "current_sign_in_at" = ?, "last_sign_in_at" = ?, "current_sign_in_ip" = ?, "last_sign_in_ip" = ?, "updated_at" = ? WHERE "users"."id" = ?[0m  [["sign_in_count", 1], ["current_sign_in_at", 2017-03-25 18:55:47 UTC], ["last_sign_in_at", 2017-03-25 18:55:47 UTC], ["current_sign_in_ip", "127.0.0.1"], ["last_sign_in_ip", "127.0.0.1"], ["updated_at", 2017-03-25 18:55:47 UTC], ["id", 1]]
  [1m[35m (5.4ms)[0m  [1m[36mcommit transaction[0m
Redirected to http://localhost:3000/
Completed 302 Found in 640ms (ActiveRecord: 31.1ms)


Started GET "/" for 127.0.0.1 at 2017-03-25 12:55:47 -0600
Processing by BodyMassController#index as HTML
  [1m[36mUser Load (0.3ms)[0m  [1m[34mSELECT  "users".* FROM "users" WHERE "users"."id" = ? ORDER BY "users"."id" ASC LIMIT ?[0m  [["id", 1], ["LIMIT", 1]]
  Rendering body_mass/index.html.erb within layouts/application
  Rendered body_mass/index.html.erb within layouts/application (0.3ms)
Completed 200 OK in 76ms (Views: 65.3ms | ActiveRecord: 0.3ms)


Started GET "/" for 127.0.0.1 at 2017-03-25 13:03:28 -0600
Processing by BodyMassController#index as HTML
  [1m[36mUser Load (0.3ms)[0m  [1m[34mSELECT  "users".* FROM "users" WHERE "users"."id" = ? ORDER BY "users"."id" ASC LIMIT ?[0m  [["id", 1], ["LIMIT", 1]]
  Rendering body_mass/index.html.erb within layouts/application
  Rendered body_mass/index.html.erb within layouts/application (0.5ms)
Completed 200 OK in 116ms (Views: 94.9ms | ActiveRecord: 0.3ms)


Started GET "/destroy_user_session_path" for 127.0.0.1 at 2017-03-25 13:03:33 -0600
  
ActionController::RoutingError (No route matches [GET] "/destroy_user_session_path"):
  
actionpack (5.0.2) lib/action_dispatch/middleware/debug_exceptions.rb:53:in `call'
web-console (3.4.0) lib/web_console/middleware.rb:135:in `call_app'
web-console (3.4.0) lib/web_console/middleware.rb:28:in `block in call'
web-console (3.4.0) lib/web_console/middleware.rb:18:in `catch'
web-console (3.4.0) lib/web_console/middleware.rb:18:in `call'
actionpack (5.0.2) lib/action_dispatch/middleware/show_exceptions.rb:31:in `call'
railties (5.0.2) lib/rails/rack/logger.rb:36:in `call_app'
railties (5.0.2) lib/rails/rack/logger.rb:24:in `block in call'
activesupport (5.0.2) lib/active_support/tagged_logging.rb:69:in `block in tagged'
activesupport (5.0.2) lib/active_support/tagged_logging.rb:26:in `tagged'
activesupport (5.0.2) lib/active_support/tagged_logging.rb:69:in `tagged'
railties (5.0.2) lib/rails/rack/logger.rb:24:in `call'
sprockets-rails (3.2.0) lib/sprockets/rails/quiet_assets.rb:13:in `call'
actionpack (5.0.2) lib/action_dispatch/middleware/request_id.rb:24:in `call'
rack (2.0.1) lib/rack/method_override.rb:22:in `call'
rack (2.0.1) lib/rack/runtime.rb:22:in `call'
activesupport (5.0.2) lib/active_support/cache/strategy/local_cache_middleware.rb:28:in `call'
actionpack (5.0.2) lib/action_dispatch/middleware/executor.rb:12:in `call'
actionpack (5.0.2) lib/action_dispatch/middleware/static.rb:136:in `call'
rack (2.0.1) lib/rack/sendfile.rb:111:in `call'
railties (5.0.2) lib/rails/engine.rb:522:in `call'
puma (3.8.2) lib/puma/configuration.rb:224:in `call'
puma (3.8.2) lib/puma/server.rb:600:in `handle_request'
puma (3.8.2) lib/puma/server.rb:435:in `process_client'
puma (3.8.2) lib/puma/server.rb:299:in `block in run'
puma (3.8.2) lib/puma/thread_pool.rb:120:in `call'
puma (3.8.2) lib/puma/thread_pool.rb:120:in `block in spawn_thread'
  Rendering /home/yair/.rvm/gems/ruby-2.2.2/gems/actionpack-5.0.2/lib/action_dispatch/middleware/templates/rescues/routing_error.html.erb within rescues/layout
  Rendering /home/yair/.rvm/gems/ruby-2.2.2/gems/actionpack-5.0.2/lib/action_dispatch/middleware/templates/rescues/_trace.html.erb
  Rendered /home/yair/.rvm/gems/ruby-2.2.2/gems/actionpack-5.0.2/lib/action_dispatch/middleware/templates/rescues/_trace.html.erb (7.3ms)
  Rendered collection of /home/yair/.rvm/gems/ruby-2.2.2/gems/actionpack-5.0.2/lib/action_dispatch/middleware/templates/routes/_route.html.erb [16 times] (19.0ms)
  Rendered /home/yair/.rvm/gems/ruby-2.2.2/gems/actionpack-5.0.2/lib/action_dispatch/middleware/templates/routes/_table.html.erb (10.9ms)
  Rendering /home/yair/.rvm/gems/ruby-2.2.2/gems/actionpack-5.0.2/lib/action_dispatch/middleware/templates/rescues/_request_and_response.html.erb
  Rendered /home/yair/.rvm/gems/ruby-2.2.2/gems/actionpack-5.0.2/lib/action_dispatch/middleware/templates/rescues/_request_and_response.html.erb (3.4ms)
  Rendered /home/yair/.rvm/gems/ruby-2.2.2/gems/actionpack-5.0.2/lib/action_dispatch/middleware/templates/rescues/routing_error.html.erb within rescues/layout (172.4ms)
Started GET "/" for 127.0.0.1 at 2017-03-25 13:03:46 -0600
Processing by BodyMassController#index as HTML
  [1m[36mUser Load (0.2ms)[0m  [1m[34mSELECT  "users".* FROM "users" WHERE "users"."id" = ? ORDER BY "users"."id" ASC LIMIT ?[0m  [["id", 1], ["LIMIT", 1]]
  Rendering body_mass/index.html.erb within layouts/application
  Rendered body_mass/index.html.erb within layouts/application (0.4ms)
Completed 200 OK in 69ms (Views: 63.2ms | ActiveRecord: 0.2ms)


Started GET "/users/sign_out" for 127.0.0.1 at 2017-03-25 13:03:49 -0600
  
ActionController::RoutingError (No route matches [GET] "/users/sign_out"):
  
actionpack (5.0.2) lib/action_dispatch/middleware/debug_exceptions.rb:53:in `call'
web-console (3.4.0) lib/web_console/middleware.rb:135:in `call_app'
web-console (3.4.0) lib/web_console/middleware.rb:28:in `block in call'
web-console (3.4.0) lib/web_console/middleware.rb:18:in `catch'
web-console (3.4.0) lib/web_console/middleware.rb:18:in `call'
actionpack (5.0.2) lib/action_dispatch/middleware/show_exceptions.rb:31:in `call'
railties (5.0.2) lib/rails/rack/logger.rb:36:in `call_app'
railties (5.0.2) lib/rails/rack/logger.rb:24:in `block in call'
activesupport (5.0.2) lib/active_support/tagged_logging.rb:69:in `block in tagged'
activesupport (5.0.2) lib/active_support/tagged_logging.rb:26:in `tagged'
activesupport (5.0.2) lib/active_support/tagged_logging.rb:69:in `tagged'
railties (5.0.2) lib/rails/rack/logger.rb:24:in `call'
sprockets-rails (3.2.0) lib/sprockets/rails/quiet_assets.rb:13:in `call'
actionpack (5.0.2) lib/action_dispatch/middleware/request_id.rb:24:in `call'
rack (2.0.1) lib/rack/method_override.rb:22:in `call'
rack (2.0.1) lib/rack/runtime.rb:22:in `call'
activesupport (5.0.2) lib/active_support/cache/strategy/local_cache_middleware.rb:28:in `call'
actionpack (5.0.2) lib/action_dispatch/middleware/executor.rb:12:in `call'
actionpack (5.0.2) lib/action_dispatch/middleware/static.rb:136:in `call'
rack (2.0.1) lib/rack/sendfile.rb:111:in `call'
railties (5.0.2) lib/rails/engine.rb:522:in `call'
puma (3.8.2) lib/puma/configuration.rb:224:in `call'
puma (3.8.2) lib/puma/server.rb:600:in `handle_request'
puma (3.8.2) lib/puma/server.rb:435:in `process_client'
puma (3.8.2) lib/puma/server.rb:299:in `block in run'
puma (3.8.2) lib/puma/thread_pool.rb:120:in `call'
puma (3.8.2) lib/puma/thread_pool.rb:120:in `block in spawn_thread'
  Rendering /home/yair/.rvm/gems/ruby-2.2.2/gems/actionpack-5.0.2/lib/action_dispatch/middleware/templates/rescues/routing_error.html.erb within rescues/layout
  Rendering /home/yair/.rvm/gems/ruby-2.2.2/gems/actionpack-5.0.2/lib/action_dispatch/middleware/templates/rescues/_trace.html.erb
  Rendered /home/yair/.rvm/gems/ruby-2.2.2/gems/actionpack-5.0.2/lib/action_dispatch/middleware/templates/rescues/_trace.html.erb (1.7ms)
  Rendered collection of /home/yair/.rvm/gems/ruby-2.2.2/gems/actionpack-5.0.2/lib/action_dispatch/middleware/templates/routes/_route.html.erb [16 times] (25.2ms)
  Rendered /home/yair/.rvm/gems/ruby-2.2.2/gems/actionpack-5.0.2/lib/action_dispatch/middleware/templates/routes/_table.html.erb (1.6ms)
  Rendering /home/yair/.rvm/gems/ruby-2.2.2/gems/actionpack-5.0.2/lib/action_dispatch/middleware/templates/rescues/_request_and_response.html.erb
  Rendered /home/yair/.rvm/gems/ruby-2.2.2/gems/actionpack-5.0.2/lib/action_dispatch/middleware/templates/rescues/_request_and_response.html.erb (2.7ms)
  Rendered /home/yair/.rvm/gems/ruby-2.2.2/gems/actionpack-5.0.2/lib/action_dispatch/middleware/templates/rescues/routing_error.html.erb within rescues/layout (132.5ms)
Started GET "/" for 127.0.0.1 at 2017-03-25 13:04:41 -0600
Processing by BodyMassController#index as HTML
  [1m[36mUser Load (0.2ms)[0m  [1m[34mSELECT  "users".* FROM "users" WHERE "users"."id" = ? ORDER BY "users"."id" ASC LIMIT ?[0m  [["id", 1], ["LIMIT", 1]]
  Rendering body_mass/index.html.erb within layouts/application
  Rendered body_mass/index.html.erb within layouts/application (0.4ms)
Completed 200 OK in 54ms (Views: 50.1ms | ActiveRecord: 0.2ms)


Started GET "/users/sign_out" for 127.0.0.1 at 2017-03-25 13:04:45 -0600
  
ActionController::RoutingError (No route matches [GET] "/users/sign_out"):
  
actionpack (5.0.2) lib/action_dispatch/middleware/debug_exceptions.rb:53:in `call'
web-console (3.4.0) lib/web_console/middleware.rb:135:in `call_app'
web-console (3.4.0) lib/web_console/middleware.rb:28:in `block in call'
web-console (3.4.0) lib/web_console/middleware.rb:18:in `catch'
web-console (3.4.0) lib/web_console/middleware.rb:18:in `call'
actionpack (5.0.2) lib/action_dispatch/middleware/show_exceptions.rb:31:in `call'
railties (5.0.2) lib/rails/rack/logger.rb:36:in `call_app'
railties (5.0.2) lib/rails/rack/logger.rb:24:in `block in call'
activesupport (5.0.2) lib/active_support/tagged_logging.rb:69:in `block in tagged'
activesupport (5.0.2) lib/active_support/tagged_logging.rb:26:in `tagged'
activesupport (5.0.2) lib/active_support/tagged_logging.rb:69:in `tagged'
railties (5.0.2) lib/rails/rack/logger.rb:24:in `call'
sprockets-rails (3.2.0) lib/sprockets/rails/quiet_assets.rb:13:in `call'
actionpack (5.0.2) lib/action_dispatch/middleware/request_id.rb:24:in `call'
rack (2.0.1) lib/rack/method_override.rb:22:in `call'
rack (2.0.1) lib/rack/runtime.rb:22:in `call'
activesupport (5.0.2) lib/active_support/cache/strategy/local_cache_middleware.rb:28:in `call'
actionpack (5.0.2) lib/action_dispatch/middleware/executor.rb:12:in `call'
actionpack (5.0.2) lib/action_dispatch/middleware/static.rb:136:in `call'
rack (2.0.1) lib/rack/sendfile.rb:111:in `call'
railties (5.0.2) lib/rails/engine.rb:522:in `call'
puma (3.8.2) lib/puma/configuration.rb:224:in `call'
puma (3.8.2) lib/puma/server.rb:600:in `handle_request'
puma (3.8.2) lib/puma/server.rb:435:in `process_client'
puma (3.8.2) lib/puma/server.rb:299:in `block in run'
puma (3.8.2) lib/puma/thread_pool.rb:120:in `call'
puma (3.8.2) lib/puma/thread_pool.rb:120:in `block in spawn_thread'
  Rendering /home/yair/.rvm/gems/ruby-2.2.2/gems/actionpack-5.0.2/lib/action_dispatch/middleware/templates/rescues/routing_error.html.erb within rescues/layout
  Rendering /home/yair/.rvm/gems/ruby-2.2.2/gems/actionpack-5.0.2/lib/action_dispatch/middleware/templates/rescues/_trace.html.erb
  Rendered /home/yair/.rvm/gems/ruby-2.2.2/gems/actionpack-5.0.2/lib/action_dispatch/middleware/templates/rescues/_trace.html.erb (1.8ms)
  Rendered collection of /home/yair/.rvm/gems/ruby-2.2.2/gems/actionpack-5.0.2/lib/action_dispatch/middleware/templates/routes/_route.html.erb [16 times] (12.5ms)
  Rendered /home/yair/.rvm/gems/ruby-2.2.2/gems/actionpack-5.0.2/lib/action_dispatch/middleware/templates/routes/_table.html.erb (1.4ms)
  Rendering /home/yair/.rvm/gems/ruby-2.2.2/gems/actionpack-5.0.2/lib/action_dispatch/middleware/templates/rescues/_request_and_response.html.erb
  Rendered /home/yair/.rvm/gems/ruby-2.2.2/gems/actionpack-5.0.2/lib/action_dispatch/middleware/templates/rescues/_request_and_response.html.erb (2.6ms)
  Rendered /home/yair/.rvm/gems/ruby-2.2.2/gems/actionpack-5.0.2/lib/action_dispatch/middleware/templates/rescues/routing_error.html.erb within rescues/layout (89.7ms)
Started GET "/" for 127.0.0.1 at 2017-03-25 13:06:31 -0600
Processing by BodyMassController#index as HTML
  [1m[36mUser Load (0.4ms)[0m  [1m[34mSELECT  "users".* FROM "users" WHERE "users"."id" = ? ORDER BY "users"."id" ASC LIMIT ?[0m  [["id", 1], ["LIMIT", 1]]
  Rendering body_mass/index.html.erb within layouts/application
  Rendered body_mass/index.html.erb within layouts/application (0.6ms)
Completed 200 OK in 77ms (Views: 71.4ms | ActiveRecord: 0.4ms)


Started DELETE "/users/sign_out" for 127.0.0.1 at 2017-03-25 13:06:35 -0600
Processing by Devise::SessionsController#destroy as HTML
  Parameters: {"authenticity_token"=>"WwdU4VFlRlW0hI8DO1SK75NgGG4UfaTPpvq9dL4H5BSmo0SB4YqjEUuLYtol1UmMktaLUHD7O1ugmL1E0FKEiA=="}
  [1m[36mUser Load (0.5ms)[0m  [1m[34mSELECT  "users".* FROM "users" WHERE "users"."id" = ? ORDER BY "users"."id" ASC LIMIT ?[0m  [["id", 1], ["LIMIT", 1]]
  [1m[35m (0.1ms)[0m  [1m[36mbegin transaction[0m
  [1m[35m (0.1ms)[0m  [1m[36mcommit transaction[0m
Redirected to http://localhost:3000/
Completed 302 Found in 37ms (ActiveRecord: 0.6ms)


Started GET "/" for 127.0.0.1 at 2017-03-25 13:06:35 -0600
Processing by BodyMassController#index as HTML
Completed 401 Unauthorized in 1ms (ActiveRecord: 0.0ms)


Started GET "/users/sign_in" for 127.0.0.1 at 2017-03-25 13:06:35 -0600
Processing by Devise::SessionsController#new as HTML
  Rendering /home/yair/.rvm/gems/ruby-2.2.2/gems/devise-4.2.1/app/views/devise/sessions/new.html.erb within layouts/application
  Rendered /home/yair/.rvm/gems/ruby-2.2.2/gems/devise-4.2.1/app/views/devise/shared/_links.html.erb (23.7ms)
  Rendered /home/yair/.rvm/gems/ruby-2.2.2/gems/devise-4.2.1/app/views/devise/sessions/new.html.erb within layouts/application (36.0ms)
Completed 200 OK in 110ms (Views: 109.2ms | ActiveRecord: 0.0ms)


Started GET "/" for 127.0.0.1 at 2017-03-25 13:06:46 -0600
Processing by BodyMassController#index as HTML
Completed 401 Unauthorized in 1ms (ActiveRecord: 0.0ms)


Started GET "/users/sign_in" for 127.0.0.1 at 2017-03-25 13:06:46 -0600
Processing by Devise::SessionsController#new as HTML
  Rendering /home/yair/.rvm/gems/ruby-2.2.2/gems/devise-4.2.1/app/views/devise/sessions/new.html.erb within layouts/application
  Rendered /home/yair/.rvm/gems/ruby-2.2.2/gems/devise-4.2.1/app/views/devise/shared/_links.html.erb (1.2ms)
  Rendered /home/yair/.rvm/gems/ruby-2.2.2/gems/devise-4.2.1/app/views/devise/sessions/new.html.erb within layouts/application (4.8ms)
Completed 200 OK in 31ms (Views: 29.4ms | ActiveRecord: 0.0ms)


Started GET "/users/password/new" for 127.0.0.1 at 2017-03-25 13:07:15 -0600
Processing by Devise::PasswordsController#new as HTML
  Rendering /home/yair/.rvm/gems/ruby-2.2.2/gems/devise-4.2.1/app/views/devise/passwords/new.html.erb within layouts/application
  Rendered /home/yair/.rvm/gems/ruby-2.2.2/gems/devise-4.2.1/app/views/devise/shared/_links.html.erb (7.9ms)
  Rendered /home/yair/.rvm/gems/ruby-2.2.2/gems/devise-4.2.1/app/views/devise/passwords/new.html.erb within layouts/application (15.1ms)
Completed 200 OK in 93ms (Views: 91.4ms | ActiveRecord: 0.0ms)


Started GET "/users/sign_up" for 127.0.0.1 at 2017-03-25 13:07:28 -0600
Processing by Devise::RegistrationsController#new as HTML
  Rendering /home/yair/.rvm/gems/ruby-2.2.2/gems/devise-4.2.1/app/views/devise/registrations/new.html.erb within layouts/application
  Rendered /home/yair/.rvm/gems/ruby-2.2.2/gems/devise-4.2.1/app/views/devise/shared/_links.html.erb (1.2ms)
  Rendered /home/yair/.rvm/gems/ruby-2.2.2/gems/devise-4.2.1/app/views/devise/registrations/new.html.erb within layouts/application (11.5ms)
Completed 200 OK in 67ms (Views: 66.2ms | ActiveRecord: 0.0ms)


Started POST "/users" for 127.0.0.1 at 2017-03-25 13:07:46 -0600
Processing by Devise::RegistrationsController#create as HTML
  Parameters: {"utf8"=>"✓", "authenticity_token"=>"1840rSobqW9OBaERMH8bBXtIAkPDN5DBb/+lkgpmYGXmN/uG5CJMvToyBCvsefNN+NYyefGk+DgZ0ATW5nQHWw==", "user"=>{"email"=>"ycosio1310@gamil.com", "password"=>"[FILTERED]", "password_confirmation"=>"[FILTERED]"}, "commit"=>"Sign up"}
  [1m[35m (0.3ms)[0m  [1m[36mbegin transaction[0m
  [1m[36mUser Exists (0.1ms)[0m  [1m[34mSELECT  1 AS one FROM "users" WHERE "users"."email" = ? LIMIT ?[0m  [["email", "ycosio1310@gamil.com"], ["LIMIT", 1]]
  [1m[35mSQL (5.0ms)[0m  [1m[32mINSERT INTO "users" ("email", "encrypted_password", "created_at", "updated_at") VALUES (?, ?, ?, ?)[0m  [["email", "ycosio1310@gamil.com"], ["encrypted_password", "$2a$11$82XAg8prWVIKuMqGE3CsL.jbeuRlB1hY2l5VcWgB/d9oRLSTC0yMm"], ["created_at", 2017-03-25 19:07:47 UTC], ["updated_at", 2017-03-25 19:07:47 UTC]]
  [1m[35m (8.0ms)[0m  [1m[36mcommit transaction[0m
  [1m[35m (0.1ms)[0m  [1m[36mbegin transaction[0m
  [1m[35mSQL (2.2ms)[0m  [1m[33mUPDATE "users" SET "sign_in_count" = ?, "current_sign_in_at" = ?, "last_sign_in_at" = ?, "current_sign_in_ip" = ?, "last_sign_in_ip" = ?, "updated_at" = ? WHERE "users"."id" = ?[0m  [["sign_in_count", 1], ["current_sign_in_at", 2017-03-25 19:07:47 UTC], ["last_sign_in_at", 2017-03-25 19:07:47 UTC], ["current_sign_in_ip", "127.0.0.1"], ["last_sign_in_ip", "127.0.0.1"], ["updated_at", 2017-03-25 19:07:47 UTC], ["id", 2]]
  [1m[35m (3.9ms)[0m  [1m[36mcommit transaction[0m
Redirected to http://localhost:3000/
Completed 302 Found in 563ms (ActiveRecord: 19.6ms)


Started GET "/" for 127.0.0.1 at 2017-03-25 13:07:47 -0600
Processing by BodyMassController#index as HTML
  [1m[36mUser Load (0.2ms)[0m  [1m[34mSELECT  "users".* FROM "users" WHERE "users"."id" = ? ORDER BY "users"."id" ASC LIMIT ?[0m  [["id", 2], ["LIMIT", 1]]
  Rendering body_mass/index.html.erb within layouts/application
  Rendered body_mass/index.html.erb within layouts/application (0.4ms)
Completed 200 OK in 71ms (Views: 62.5ms | ActiveRecord: 0.2ms)


Started DELETE "/users/sign_out" for 127.0.0.1 at 2017-03-25 13:09:24 -0600
Processing by Devise::SessionsController#destroy as HTML
  Parameters: {"authenticity_token"=>"LFxwHs5kwylQgDofvXJDzZ+tupl9V6HMC0s039LLlwsSAc3GYYRjHiVzc/3RvKejmn0mHGJi8LWSWj9dl6QGYw=="}
  [1m[36mUser Load (0.3ms)[0m  [1m[34mSELECT  "users".* FROM "users" WHERE "users"."id" = ? ORDER BY "users"."id" ASC LIMIT ?[0m  [["id", 2], ["LIMIT", 1]]
  [1m[35m (0.1ms)[0m  [1m[36mbegin transaction[0m
  [1m[35m (0.1ms)[0m  [1m[36mcommit transaction[0m
Redirected to http://localhost:3000/
Completed 302 Found in 12ms (ActiveRecord: 0.4ms)


Started GET "/" for 127.0.0.1 at 2017-03-25 13:09:24 -0600
Processing by BodyMassController#index as HTML
Completed 401 Unauthorized in 1ms (ActiveRecord: 0.0ms)


Started GET "/users/sign_in" for 127.0.0.1 at 2017-03-25 13:09:24 -0600
Processing by Devise::SessionsController#new as HTML
  Rendering /home/yair/.rvm/gems/ruby-2.2.2/gems/devise-4.2.1/app/views/devise/sessions/new.html.erb within layouts/application
  Rendered /home/yair/.rvm/gems/ruby-2.2.2/gems/devise-4.2.1/app/views/devise/shared/_links.html.erb (1.2ms)
  Rendered /home/yair/.rvm/gems/ruby-2.2.2/gems/devise-4.2.1/app/views/devise/sessions/new.html.erb within layouts/application (15.7ms)
Completed 200 OK in 106ms (Views: 105.1ms | ActiveRecord: 0.0ms)


Started POST "/users/sign_in" for 127.0.0.1 at 2017-03-25 13:09:36 -0600
Processing by Devise::SessionsController#create as HTML
  Parameters: {"utf8"=>"✓", "authenticity_token"=>"70DEItojnvMgkncCz2b6elg5nNdWuWdnroB2ZVs8UzPRkR+APyVnugiPpSEkvGw5+eCPHA58ReW7nt6bM/1RVw==", "user"=>{"email"=>"ycosio1310@gamil.com", "password"=>"[FILTERED]", "remember_me"=>"0"}, "commit"=>"Log in"}
  [1m[36mUser Load (0.3ms)[0m  [1m[34mSELECT  "users".* FROM "users" WHERE "users"."email" = ? ORDER BY "users"."id" ASC LIMIT ?[0m  [["email", "ycosio1310@gamil.com"], ["LIMIT", 1]]
  [1m[35m (0.1ms)[0m  [1m[36mbegin transaction[0m
  [1m[35mSQL (5.2ms)[0m  [1m[33mUPDATE "users" SET "current_sign_in_at" = ?, "sign_in_count" = ?, "updated_at" = ? WHERE "users"."id" = ?[0m  [["current_sign_in_at", 2017-03-25 19:09:37 UTC], ["sign_in_count", 2], ["updated_at", 2017-03-25 19:09:37 UTC], ["id", 2]]
  [1m[35m (16.0ms)[0m  [1m[36mcommit transaction[0m
Redirected to http://localhost:3000/
Completed 302 Found in 553ms (ActiveRecord: 21.6ms)


Started GET "/" for 127.0.0.1 at 2017-03-25 13:09:37 -0600
Processing by BodyMassController#index as HTML
  [1m[36mUser Load (0.2ms)[0m  [1m[34mSELECT  "users".* FROM "users" WHERE "users"."id" = ? ORDER BY "users"."id" ASC LIMIT ?[0m  [["id", 2], ["LIMIT", 1]]
  Rendering body_mass/index.html.erb within layouts/application
  Rendered body_mass/index.html.erb within layouts/application (5.4ms)
Completed 200 OK in 74ms (Views: 64.0ms | ActiveRecord: 0.2ms)


Started DELETE "/users/sign_out" for 127.0.0.1 at 2017-03-25 13:09:40 -0600
Processing by Devise::SessionsController#destroy as HTML
  Parameters: {"authenticity_token"=>"dF3oT9LlWmqsumtgyfEWwh8CDtjIrbCVkjiTtvXWFPrzNVttxIYC57JDnoULMNLfxhHB9zRX/uvMB3cT4vL6sw=="}
  [1m[36mUser Load (0.2ms)[0m  [1m[34mSELECT  "users".* FROM "users" WHERE "users"."id" = ? ORDER BY "users"."id" ASC LIMIT ?[0m  [["id", 2], ["LIMIT", 1]]
  [1m[35m (0.1ms)[0m  [1m[36mbegin transaction[0m
  [1m[35m (0.1ms)[0m  [1m[36mcommit transaction[0m
Redirected to http://localhost:3000/
Completed 302 Found in 13ms (ActiveRecord: 0.4ms)


Started GET "/" for 127.0.0.1 at 2017-03-25 13:09:40 -0600
Processing by BodyMassController#index as HTML
Completed 401 Unauthorized in 1ms (ActiveRecord: 0.0ms)


Started GET "/users/sign_in" for 127.0.0.1 at 2017-03-25 13:09:40 -0600
Processing by Devise::SessionsController#new as HTML
  Rendering /home/yair/.rvm/gems/ruby-2.2.2/gems/devise-4.2.1/app/views/devise/sessions/new.html.erb within layouts/application
  Rendered /home/yair/.rvm/gems/ruby-2.2.2/gems/devise-4.2.1/app/views/devise/shared/_links.html.erb (1.5ms)
  Rendered /home/yair/.rvm/gems/ruby-2.2.2/gems/devise-4.2.1/app/views/devise/sessions/new.html.erb within layouts/application (15.5ms)
Completed 200 OK in 75ms (Views: 73.3ms | ActiveRecord: 0.0ms)


Started GET "/users/password/new" for 127.0.0.1 at 2017-03-25 13:09:47 -0600
Processing by Devise::PasswordsController#new as HTML
  Rendering /home/yair/.rvm/gems/ruby-2.2.2/gems/devise-4.2.1/app/views/devise/passwords/new.html.erb within layouts/application
  Rendered /home/yair/.rvm/gems/ruby-2.2.2/gems/devise-4.2.1/app/views/devise/shared/_links.html.erb (21.4ms)
  Rendered /home/yair/.rvm/gems/ruby-2.2.2/gems/devise-4.2.1/app/views/devise/passwords/new.html.erb within layouts/application (36.9ms)
Completed 200 OK in 125ms (Views: 120.9ms | ActiveRecord: 0.0ms)


Started POST "/users/password" for 127.0.0.1 at 2017-03-25 13:09:53 -0600
Processing by Devise::PasswordsController#create as HTML
  Parameters: {"utf8"=>"✓", "authenticity_token"=>"sH4ZsjCklm3QOntXEkMEhYrAEpxVs1FZ9Rba6wDneC6Zz/dLm/Z4BSiKy/ajiwojnDYe95VjXOO8RPsGQTM7cQ==", "user"=>{"email"=>"ycosio1310@gamil.com"}, "commit"=>"Send me reset password instructions"}
  [1m[36mUser Load (0.2ms)[0m  [1m[34mSELECT  "users".* FROM "users" WHERE "users"."email" = ? ORDER BY "users"."id" ASC LIMIT ?[0m  [["email", "ycosio1310@gamil.com"], ["LIMIT", 1]]
  [1m[36mUser Load (0.3ms)[0m  [1m[34mSELECT  "users".* FROM "users" WHERE "users"."reset_password_token" = ? ORDER BY "users"."id" ASC LIMIT ?[0m  [["reset_password_token", "4dd0f63bb9051b82b2e8ff3285a3f8114a082baeb73042eb77aea9270adad75c"], ["LIMIT", 1]]
  [1m[35m (0.3ms)[0m  [1m[36mbegin transaction[0m
  [1m[35mSQL (1.4ms)[0m  [1m[33mUPDATE "users" SET "reset_password_token" = ?, "reset_password_sent_at" = ?, "updated_at" = ? WHERE "users"."id" = ?[0m  [["reset_password_token", "4dd0f63bb9051b82b2e8ff3285a3f8114a082baeb73042eb77aea9270adad75c"], ["reset_password_sent_at", 2017-03-25 19:09:54 UTC], ["updated_at", 2017-03-25 19:09:54 UTC], ["id", 2]]
  [1m[35m (418.4ms)[0m  [1m[36mcommit transaction[0m
  Rendering /home/yair/.rvm/gems/ruby-2.2.2/gems/devise-4.2.1/app/views/devise/mailer/reset_password_instructions.html.erb
  Rendered /home/yair/.rvm/gems/ruby-2.2.2/gems/devise-4.2.1/app/views/devise/mailer/reset_password_instructions.html.erb (6.1ms)
Devise::Mailer#reset_password_instructions: processed outbound mail in 32.5ms
Completed 500 Internal Server Error in 3286ms (ActiveRecord: 420.6ms)


  
ActionView::Template::Error (Missing host to link to! Please provide the :host parameter, set default_url_options[:host], or set :only_path to true):
    2: 
    3: <p>Someone has requested a link to change your password. You can do this through the link below.</p>
    4: 
    5: <p><%= link_to 'Change my password', edit_password_url(@resource, reset_password_token: @token) %></p>
    6: 
    7: <p>If you didn't request this, please ignore this email.</p>
    8: <p>Your password won't change until you access the link above and create a new one.</p>
  
actionpack (5.0.2) lib/action_dispatch/http/url.rb:62:in `full_url_for'
actionpack (5.0.2) lib/action_dispatch/http/url.rb:52:in `url_for'
actionpack (5.0.2) lib/action_dispatch/routing/route_set.rb:303:in `block in <class:RouteSet>'
actionpack (5.0.2) lib/action_dispatch/routing/route_set.rb:719:in `call'
actionpack (5.0.2) lib/action_dispatch/routing/route_set.rb:719:in `url_for'
actionpack (5.0.2) lib/action_dispatch/routing/route_set.rb:236:in `call'
actionpack (5.0.2) lib/action_dispatch/routing/route_set.rb:177:in `call'
actionpack (5.0.2) lib/action_dispatch/routing/route_set.rb:295:in `block (2 levels) in define_url_helper'
actionpack (5.0.2) lib/action_dispatch/routing/routes_proxy.rb:32:in `edit_user_password_url'
actionpack (5.0.2) lib/action_dispatch/routing/routes_proxy.rb:35:in `method_missing'
devise (4.2.1) lib/devise/controllers/url_helpers.rb:51:in `block (4 levels) in generate_helpers!'
devise (4.2.1) app/views/devise/mailer/reset_password_instructions.html.erb:5:in `__home_yair__rvm_gems_ruby_______gems_devise_______app_views_devise_mailer_reset_password_instructions_html_erb__231033169873070859_56545660'
actionview (5.0.2) lib/action_view/template.rb:159:in `block in render'
activesupport (5.0.2) lib/active_support/notifications.rb:166:in `instrument'
actionview (5.0.2) lib/action_view/template.rb:354:in `instrument'
actionview (5.0.2) lib/action_view/template.rb:157:in `render'
actionview (5.0.2) lib/action_view/renderer/template_renderer.rb:54:in `block (2 levels) in render_template'
actionview (5.0.2) lib/action_view/renderer/abstract_renderer.rb:42:in `block in instrument'
activesupport (5.0.2) lib/active_support/notifications.rb:164:in `block in instrument'
activesupport (5.0.2) lib/active_support/notifications/instrumenter.rb:21:in `instrument'
activesupport (5.0.2) lib/active_support/notifications.rb:164:in `instrument'
actionview (5.0.2) lib/action_view/renderer/abstract_renderer.rb:41:in `instrument'
actionview (5.0.2) lib/action_view/renderer/template_renderer.rb:53:in `block in render_template'
actionview (5.0.2) lib/action_view/renderer/template_renderer.rb:61:in `render_with_layout'
actionview (5.0.2) lib/action_view/renderer/template_renderer.rb:52:in `render_template'
actionview (5.0.2) lib/action_view/renderer/template_renderer.rb:14:in `render'
actionview (5.0.2) lib/action_view/renderer/renderer.rb:42:in `render_template'
actionview (5.0.2) lib/action_view/renderer/renderer.rb:23:in `render'
actionview (5.0.2) lib/action_view/rendering.rb:104:in `_render_template'
actionview (5.0.2) lib/action_view/rendering.rb:83:in `render_to_body'
actionpack (5.0.2) lib/abstract_controller/rendering.rb:26:in `render'
actionmailer (5.0.2) lib/action_mailer/base.rb:919:in `block in collect_responses_from_templates'
actionmailer (5.0.2) lib/action_mailer/base.rb:916:in `each'
actionmailer (5.0.2) lib/action_mailer/base.rb:916:in `each'
actionmailer (5.0.2) lib/action_mailer/base.rb:916:in `map'
actionmailer (5.0.2) lib/action_mailer/base.rb:916:in `collect_responses_from_templates'
actionmailer (5.0.2) lib/action_mailer/base.rb:908:in `collect_responses'
actionmailer (5.0.2) lib/action_mailer/base.rb:816:in `mail'
devise (4.2.1) lib/devise/mailers/helpers.rb:17:in `devise_mail'
devise (4.2.1) app/mailers/devise/mailer.rb:12:in `reset_password_instructions'
actionpack (5.0.2) lib/abstract_controller/base.rb:188:in `process_action'
actionpack (5.0.2) lib/abstract_controller/callbacks.rb:20:in `block in process_action'
activesupport (5.0.2) lib/active_support/callbacks.rb:97:in `__run_callbacks__'
activesupport (5.0.2) lib/active_support/callbacks.rb:750:in `_run_process_action_callbacks'
activesupport (5.0.2) lib/active_support/callbacks.rb:90:in `run_callbacks'
actionpack (5.0.2) lib/abstract_controller/callbacks.rb:19:in `process_action'
actionpack (5.0.2) lib/abstract_controller/base.rb:126:in `process'
actionmailer (5.0.2) lib/action_mailer/rescuable.rb:23:in `block in process'
actionmailer (5.0.2) lib/action_mailer/rescuable.rb:15:in `handle_exceptions'
actionmailer (5.0.2) lib/action_mailer/rescuable.rb:22:in `process'
actionview (5.0.2) lib/action_view/rendering.rb:30:in `process'
actionmailer (5.0.2) lib/action_mailer/base.rb:595:in `block in process'
activesupport (5.0.2) lib/active_support/notifications.rb:164:in `block in instrument'
activesupport (5.0.2) lib/active_support/notifications/instrumenter.rb:21:in `instrument'
activesupport (5.0.2) lib/active_support/notifications.rb:164:in `instrument'
actionmailer (5.0.2) lib/action_mailer/base.rb:594:in `process'
actionmailer (5.0.2) lib/action_mailer/message_delivery.rb:105:in `block in processed_mailer'
actionmailer (5.0.2) lib/action_mailer/message_delivery.rb:104:in `tap'
actionmailer (5.0.2) lib/action_mailer/message_delivery.rb:104:in `processed_mailer'
actionmailer (5.0.2) lib/action_mailer/message_delivery.rb:95:in `deliver_now'
devise (4.2.1) lib/devise/models/authenticatable.rb:191:in `send_devise_notification'
devise (4.2.1) lib/devise/models/recoverable.rb:97:in `send_reset_password_instructions_notification'
devise (4.2.1) lib/devise/models/recoverable.rb:50:in `send_reset_password_instructions'
devise (4.2.1) lib/devise/models/recoverable.rb:123:in `send_reset_password_instructions'
devise (4.2.1) app/controllers/devise/passwords_controller.rb:13:in `create'
actionpack (5.0.2) lib/action_controller/metal/basic_implicit_render.rb:4:in `send_action'
actionpack (5.0.2) lib/abstract_controller/base.rb:188:in `process_action'
actionpack (5.0.2) lib/action_controller/metal/rendering.rb:30:in `process_action'
actionpack (5.0.2) lib/abstract_controller/callbacks.rb:20:in `block in process_action'
activesupport (5.0.2) lib/active_support/callbacks.rb:126:in `call'
activesupport (5.0.2) lib/active_support/callbacks.rb:126:in `call'
activesupport (5.0.2) lib/active_support/callbacks.rb:506:in `block (2 levels) in compile'
activesupport (5.0.2) lib/active_support/callbacks.rb:455:in `call'
activesupport (5.0.2) lib/active_support/callbacks.rb:455:in `call'
activesupport (5.0.2) lib/active_support/callbacks.rb:101:in `__run_callbacks__'
activesupport (5.0.2) lib/active_support/callbacks.rb:750:in `_run_process_action_callbacks'
activesupport (5.0.2) lib/active_support/callbacks.rb:90:in `run_callbacks'
actionpack (5.0.2) lib/abstract_controller/callbacks.rb:19:in `process_action'
actionpack (5.0.2) lib/action_controller/metal/rescue.rb:20:in `process_action'
actionpack (5.0.2) lib/action_controller/metal/instrumentation.rb:32:in `block in process_action'
activesupport (5.0.2) lib/active_support/notifications.rb:164:in `block in instrument'
activesupport (5.0.2) lib/active_support/notifications/instrumenter.rb:21:in `instrument'
activesupport (5.0.2) lib/active_support/notifications.rb:164:in `instrument'
actionpack (5.0.2) lib/action_controller/metal/instrumentation.rb:30:in `process_action'
actionpack (5.0.2) lib/action_controller/metal/params_wrapper.rb:248:in `process_action'
activerecord (5.0.2) lib/active_record/railties/controller_runtime.rb:18:in `process_action'
actionpack (5.0.2) lib/abstract_controller/base.rb:126:in `process'
actionview (5.0.2) lib/action_view/rendering.rb:30:in `process'
actionpack (5.0.2) lib/action_controller/metal.rb:190:in `dispatch'
actionpack (5.0.2) lib/action_controller/metal.rb:262:in `dispatch'
actionpack (5.0.2) lib/action_dispatch/routing/route_set.rb:50:in `dispatch'
actionpack (5.0.2) lib/action_dispatch/routing/route_set.rb:32:in `serve'
actionpack (5.0.2) lib/action_dispatch/routing/mapper.rb:16:in `block in <class:Constraints>'
actionpack (5.0.2) lib/action_dispatch/routing/mapper.rb:46:in `call'
actionpack (5.0.2) lib/action_dispatch/routing/mapper.rb:46:in `serve'
actionpack (5.0.2) lib/action_dispatch/journey/router.rb:39:in `block in serve'
actionpack (5.0.2) lib/action_dispatch/journey/router.rb:26:in `each'
actionpack (5.0.2) lib/action_dispatch/journey/router.rb:26:in `serve'
actionpack (5.0.2) lib/action_dispatch/routing/route_set.rb:725:in `call'
warden (1.2.7) lib/warden/manager.rb:36:in `block in call'
warden (1.2.7) lib/warden/manager.rb:35:in `catch'
warden (1.2.7) lib/warden/manager.rb:35:in `call'
rack (2.0.1) lib/rack/etag.rb:25:in `call'
rack (2.0.1) lib/rack/conditional_get.rb:38:in `call'
rack (2.0.1) lib/rack/head.rb:12:in `call'
rack (2.0.1) lib/rack/session/abstract/id.rb:222:in `context'
rack (2.0.1) lib/rack/session/abstract/id.rb:216:in `call'
actionpack (5.0.2) lib/action_dispatch/middleware/cookies.rb:613:in `call'
activerecord (5.0.2) lib/active_record/migration.rb:553:in `call'
actionpack (5.0.2) lib/action_dispatch/middleware/callbacks.rb:38:in `block in call'
activesupport (5.0.2) lib/active_support/callbacks.rb:97:in `__run_callbacks__'
activesupport (5.0.2) lib/active_support/callbacks.rb:750:in `_run_call_callbacks'
activesupport (5.0.2) lib/active_support/callbacks.rb:90:in `run_callbacks'
actionpack (5.0.2) lib/action_dispatch/middleware/callbacks.rb:36:in `call'
actionpack (5.0.2) lib/action_dispatch/middleware/executor.rb:12:in `call'
actionpack (5.0.2) lib/action_dispatch/middleware/remote_ip.rb:79:in `call'
actionpack (5.0.2) lib/action_dispatch/middleware/debug_exceptions.rb:49:in `call'
web-console (3.4.0) lib/web_console/middleware.rb:135:in `call_app'
web-console (3.4.0) lib/web_console/middleware.rb:28:in `block in call'
web-console (3.4.0) lib/web_console/middleware.rb:18:in `catch'
web-console (3.4.0) lib/web_console/middleware.rb:18:in `call'
actionpack (5.0.2) lib/action_dispatch/middleware/show_exceptions.rb:31:in `call'
railties (5.0.2) lib/rails/rack/logger.rb:36:in `call_app'
railties (5.0.2) lib/rails/rack/logger.rb:24:in `block in call'
activesupport (5.0.2) lib/active_support/tagged_logging.rb:69:in `block in tagged'
activesupport (5.0.2) lib/active_support/tagged_logging.rb:26:in `tagged'
activesupport (5.0.2) lib/active_support/tagged_logging.rb:69:in `tagged'
railties (5.0.2) lib/rails/rack/logger.rb:24:in `call'
sprockets-rails (3.2.0) lib/sprockets/rails/quiet_assets.rb:13:in `call'
actionpack (5.0.2) lib/action_dispatch/middleware/request_id.rb:24:in `call'
rack (2.0.1) lib/rack/method_override.rb:22:in `call'
rack (2.0.1) lib/rack/runtime.rb:22:in `call'
activesupport (5.0.2) lib/active_support/cache/strategy/local_cache_middleware.rb:28:in `call'
actionpack (5.0.2) lib/action_dispatch/middleware/executor.rb:12:in `call'
actionpack (5.0.2) lib/action_dispatch/middleware/static.rb:136:in `call'
rack (2.0.1) lib/rack/sendfile.rb:111:in `call'
railties (5.0.2) lib/rails/engine.rb:522:in `call'
puma (3.8.2) lib/puma/configuration.rb:224:in `call'
puma (3.8.2) lib/puma/server.rb:600:in `handle_request'
puma (3.8.2) lib/puma/server.rb:435:in `process_client'
puma (3.8.2) lib/puma/server.rb:299:in `block in run'
puma (3.8.2) lib/puma/thread_pool.rb:120:in `call'
puma (3.8.2) lib/puma/thread_pool.rb:120:in `block in spawn_thread'
  Rendering /home/yair/.rvm/gems/ruby-2.2.2/gems/actionpack-5.0.2/lib/action_dispatch/middleware/templates/rescues/template_error.html.erb within rescues/layout
  Rendering /home/yair/.rvm/gems/ruby-2.2.2/gems/actionpack-5.0.2/lib/action_dispatch/middleware/templates/rescues/_source.html.erb
  Rendered /home/yair/.rvm/gems/ruby-2.2.2/gems/actionpack-5.0.2/lib/action_dispatch/middleware/templates/rescues/_source.html.erb (16.9ms)
  Rendering /home/yair/.rvm/gems/ruby-2.2.2/gems/actionpack-5.0.2/lib/action_dispatch/middleware/templates/rescues/_trace.html.erb
  Rendered /home/yair/.rvm/gems/ruby-2.2.2/gems/actionpack-5.0.2/lib/action_dispatch/middleware/templates/rescues/_trace.html.erb (8.3ms)
  Rendering /home/yair/.rvm/gems/ruby-2.2.2/gems/actionpack-5.0.2/lib/action_dispatch/middleware/templates/rescues/_request_and_response.html.erb
  Rendered /home/yair/.rvm/gems/ruby-2.2.2/gems/actionpack-5.0.2/lib/action_dispatch/middleware/templates/rescues/_request_and_response.html.erb (1.3ms)
  Rendered /home/yair/.rvm/gems/ruby-2.2.2/gems/actionpack-5.0.2/lib/action_dispatch/middleware/templates/rescues/template_error.html.erb within rescues/layout (113.6ms)
Started GET "/users/sign_in" for 127.0.0.1 at 2017-03-25 13:10:25 -0600
Processing by Devise::SessionsController#new as HTML
  Rendering /home/yair/.rvm/gems/ruby-2.2.2/gems/devise-4.2.1/app/views/devise/sessions/new.html.erb within layouts/application
  Rendered /home/yair/.rvm/gems/ruby-2.2.2/gems/devise-4.2.1/app/views/devise/shared/_links.html.erb (1.1ms)
  Rendered /home/yair/.rvm/gems/ruby-2.2.2/gems/devise-4.2.1/app/views/devise/sessions/new.html.erb within layouts/application (20.1ms)
Completed 200 OK in 121ms (Views: 119.9ms | ActiveRecord: 0.0ms)


